mode: atomic
tyr/internal/config/config.go:28.48,33.78 2 0
tyr/internal/config/config.go:33.78,35.3 1 0
tyr/internal/config/config.go:37.2,37.31 1 0
tyr/internal/config/config.go:37.31,39.17 2 0
tyr/internal/config/config.go:39.17,40.56 1 0
tyr/internal/config/config.go:43.3,43.55 1 0
tyr/internal/config/config.go:46.2,46.17 1 0
tyr/internal/bep40/simple.go:10.53,17.2 4 0
tyr/internal/bep40/simple.go:19.62,27.2 5 0
tyr/internal/bep40/simple.go:29.62,37.2 5 0
tyr/internal/bep40/util.go:7.36,9.11 2 0
tyr/internal/bep40/util.go:9.11,12.3 2 0
tyr/internal/bep40/util.go:12.8,15.3 2 0
tyr/internal/bep40/util.go:16.2,16.15 1 0
tyr/internal/bep40/v4.go:10.42,13.28 2 0
tyr/internal/bep40/v4.go:13.28,15.3 1 0
tyr/internal/bep40/v4.go:17.2,17.15 1 0
tyr/internal/bep40/v4.go:20.49,21.26 1 0
tyr/internal/bep40/v4.go:21.26,23.3 1 0
tyr/internal/bep40/v4.go:25.2,25.40 1 0
tyr/internal/bep40/v4.go:25.40,26.23 1 0
tyr/internal/bep40/v4.go:29.2,33.26 4 0
tyr/internal/bep40/v4.go:33.26,34.34 1 0
tyr/internal/bep40/v4.go:34.34,36.9 2 0
tyr/internal/bep40/v4.go:40.2,43.37 3 0
tyr/internal/bep40/v4.go:43.37,45.3 1 0
tyr/internal/bep40/v4.go:47.2,47.32 1 0
tyr/internal/bep40/v4.go:50.52,54.2 2 0
tyr/main.go:32.13,33.29 1 0
tyr/main.go:33.29,35.3 1 0
tyr/main.go:38.13,51.82 9 0
tyr/main.go:51.82,55.3 3 0
tyr/main.go:57.2,66.11 7 0
tyr/main.go:66.11,69.3 2 0
tyr/main.go:71.2,73.14 2 0
tyr/main.go:73.14,75.3 1 0
tyr/main.go:77.2,82.23 4 0
tyr/main.go:82.23,84.3 1 0
tyr/main.go:86.2,90.26 3 0
tyr/main.go:90.26,92.3 1 0
tyr/main.go:94.2,94.62 1 0
tyr/main.go:94.62,96.3 1 0
tyr/main.go:98.2,99.16 2 0
tyr/main.go:99.16,101.3 1 0
tyr/main.go:103.2,108.20 4 0
tyr/main.go:108.20,111.3 2 0
tyr/main.go:113.2,115.32 2 0
tyr/main.go:115.32,117.3 1 0
tyr/main.go:124.2,127.3 2 0
tyr/main.go:129.2,131.12 2 0
tyr/main.go:131.12,134.62 3 0
tyr/main.go:134.62,136.4 1 0
tyr/main.go:137.3,137.24 1 0
tyr/main.go:140.2,150.12 3 0
tyr/main.go:150.12,153.3 2 0
tyr/main.go:155.2,157.16 3 0
tyr/main.go:160.44,161.28 1 0
tyr/main.go:162.15,163.28 1 0
tyr/main.go:164.15,165.28 1 0
tyr/main.go:166.14,167.27 1 0
tyr/main.go:168.14,169.27 1 0
tyr/main.go:170.15,171.28 1 0
tyr/main.go:174.2,176.24 2 0
tyr/main.go:179.34,181.16 2 0
tyr/main.go:181.16,183.3 1 0
tyr/main.go:185.2,185.33 1 0
tyr/main.go:188.26,191.2 2 0
tyr/main.go:193.49,195.16 2 0
tyr/main.go:195.16,197.3 1 0
tyr/internal/mse/mse.go:17.62,19.2 1 0
tyr/internal/mse/mse.go:21.63,22.39 1 0
tyr/internal/mse/mse.go:22.39,24.3 1 0
tyr/internal/mse/mse.go:25.2,25.34 1 0
tyr/internal/mse/mse.go:28.96,29.69 1 0
tyr/internal/mse/mse.go:29.69,30.27 1 0
tyr/internal/mse/mse.go:30.27,31.17 1 0
tyr/internal/mse/mse.go:31.17,32.10 1 0
tyr/internal/mse/mse.go:36.2,36.16 1 0
tyr/internal/mse/mse.go:36.16,39.3 2 0
tyr/internal/mse/mse.go:41.2,41.46 1 0
tyr/internal/mse/mse.go:44.70,46.16 2 0
tyr/internal/mse/mse.go:46.16,48.3 1 0
tyr/internal/mse/mse.go:50.2,50.47 1 0
tyr/internal/mse/mse.go:60.56,62.2 1 0
tyr/internal/mse/mse.go:64.57,66.2 1 0
tyr/internal/meta/hash.go:11.30,11.45 1 0
tyr/internal/meta/hash.go:13.33,15.2 1 0
tyr/internal/meta/hash.go:17.31,19.2 1 0
tyr/internal/meta/hash.go:21.28,23.2 1 0
tyr/internal/meta/info.go:34.38,37.16 3 0
tyr/internal/meta/info.go:37.16,39.3 1 0
tyr/internal/meta/info.go:41.2,41.23 1 0
tyr/internal/meta/info.go:44.53,46.16 2 0
tyr/internal/meta/info.go:46.16,48.3 1 0
tyr/internal/meta/info.go:50.2,50.19 1 0
tyr/internal/meta/info.go:50.19,52.3 1 0
tyr/internal/meta/info.go:54.2,55.40 2 0
tyr/internal/meta/info.go:55.40,57.3 1 0
tyr/internal/meta/info.go:59.2,60.26 2 0
tyr/internal/meta/info.go:60.26,61.75 1 0
tyr/internal/meta/info.go:61.75,66.4 1 0
tyr/internal/meta/info.go:67.8,74.3 1 0
tyr/internal/meta/info.go:76.2,88.73 2 0
tyr/internal/meta/info.go:88.73,90.3 1 0
tyr/internal/meta/info.go:92.2,92.15 1 0
tyr/internal/core/c.go:31.57,44.24 6 0
tyr/internal/core/c.go:45.15,46.33 1 0
tyr/internal/core/c.go:47.20,48.34 1 0
tyr/internal/core/c.go:49.20,50.42 1 0
tyr/internal/core/c.go:51.17,52.21 1 0
tyr/internal/core/c.go:53.10,54.150 1 0
tyr/internal/core/c.go:59.2,74.3 1 0
tyr/internal/core/c.go:111.109,115.43 3 0
tyr/internal/core/c.go:115.43,118.3 2 0
tyr/internal/core/c.go:119.2,132.12 9 0
tyr/internal/core/c.go:140.64,145.9 4 0
tyr/internal/core/c.go:145.9,147.3 1 0
tyr/internal/core/c.go:149.2,152.8 1 0
tyr/internal/core/c.go:155.40,160.2 3 0
tyr/internal/core/c.go:162.45,167.2 3 0
tyr/internal/core/c.go:169.55,173.26 3 0
tyr/internal/core/c.go:173.26,175.3 1 0
tyr/internal/core/c.go:177.2,178.16 2 0
tyr/internal/core/c.go:178.16,180.3 1 0
tyr/internal/core/c.go:182.2,184.15 2 0
tyr/internal/core/c_scrape.go:29.27,37.34 4 0
tyr/internal/core/c_scrape.go:37.34,39.56 2 0
tyr/internal/core/c_scrape.go:39.56,41.12 2 0
tyr/internal/core/c_scrape.go:43.3,44.16 2 0
tyr/internal/core/c_scrape.go:47.2,48.52 2 0
tyr/internal/core/c_scrape.go:51.13,57.2 2 0
tyr/internal/core/c_start.go:19.32,20.40 1 0
tyr/internal/core/c_start.go:20.40,22.3 1 0
tyr/internal/core/c_start.go:24.2,26.27 2 0
tyr/internal/core/c_start.go:26.27,27.13 1 0
tyr/internal/core/c_start.go:27.13,28.8 1 0
tyr/internal/core/c_start.go:28.8,33.35 5 0
tyr/internal/core/c_start.go:33.35,35.6 1 0
tyr/internal/core/c_start.go:36.5,36.18 1 0
tyr/internal/core/c_start.go:41.2,41.12 1 0
tyr/internal/core/c_start.go:41.12,42.7 1 0
tyr/internal/core/c_start.go:42.7,48.18 6 0
tyr/internal/core/c_start.go:48.18,50.5 1 0
tyr/internal/core/c_start.go:77.2,77.12 1 0
tyr/internal/core/c_start.go:80.38,83.16 3 0
tyr/internal/core/c_start.go:83.16,85.3 1 0
tyr/internal/core/c_start.go:86.2,86.12 1 0
tyr/internal/core/c_start.go:86.12,87.7 1 0
tyr/internal/core/c_start.go:87.7,91.18 2 0
tyr/internal/core/c_start.go:91.18,93.13 2 0
tyr/internal/core/c_start.go:96.4,96.28 1 0
tyr/internal/core/c_start.go:96.28,98.13 2 0
tyr/internal/core/c_start.go:101.4,102.21 2 0
tyr/internal/core/c_start.go:102.21,107.13 2 0
tyr/internal/core/c_start.go:111.4,111.14 1 0
tyr/internal/core/c_start.go:111.14,117.19 5 0
tyr/internal/core/c_start.go:117.19,122.6 4 0
tyr/internal/core/c_start.go:124.5,127.6 1 0
tyr/internal/core/c_start.go:131.2,131.12 1 0
tyr/internal/core/c_start.go:134.31,135.6 1 0
tyr/internal/core/c_start.go:135.6,136.10 1 0
tyr/internal/core/c_start.go:137.23,138.10 1 0
tyr/internal/core/c_start.go:139.29,140.24 1 0
tyr/internal/core/c_start.go:140.24,142.19 2 0
tyr/internal/core/c_start.go:142.19,147.6 4 0
tyr/internal/core/c_start.go:149.5,155.12 5 0
tyr/internal/core/c_start.go:155.12,160.6 4 0
tyr/internal/core/c_start.go:162.5,162.39 1 0
tyr/internal/core/c_stop.go:13.29,22.2 5 0
tyr/internal/core/c_stop.go:24.50,27.32 2 0
tyr/internal/core/c_stop.go:27.32,28.15 1 0
tyr/internal/core/c_stop.go:28.15,33.18 4 0
tyr/internal/core/c_stop.go:33.18,36.5 2 0
tyr/internal/core/c_stop.go:38.4,43.18 4 0
tyr/internal/core/c_stop.go:43.18,46.5 2 0
tyr/internal/core/c_stop.go:48.4,49.18 2 0
tyr/internal/core/c_stop.go:49.18,51.5 1 0
tyr/internal/core/c_stop.go:55.2,55.27 1 0
tyr/internal/core/d.go:98.74,103.9 4 0
tyr/internal/core/d.go:103.9,105.3 1 0
tyr/internal/core/d.go:107.2,109.12 2 0
tyr/internal/core/d.go:112.110,168.17 5 0
tyr/internal/core/d.go:168.17,170.3 1 0
tyr/internal/core/d.go:172.2,177.10 2 0
tyr/internal/core/d.go:180.37,191.37 7 0
tyr/internal/core/d.go:191.37,193.3 1 0
tyr/internal/core/d.go:193.8,195.3 1 0
tyr/internal/core/d.go:197.2,200.23 3 0
tyr/internal/core/d.go:200.23,202.3 1 0
tyr/internal/core/d.go:204.2,204.28 1 0
tyr/internal/core/d.go:204.28,205.41 1 0
tyr/internal/core/d.go:205.41,206.50 1 0
tyr/internal/core/d.go:206.50,207.21 1 0
tyr/internal/core/d.go:207.21,209.6 1 0
tyr/internal/core/d.go:214.2,225.18 2 0
tyr/internal/core/d.go:225.18,227.3 1 0
tyr/internal/core/d.go:229.2,229.34 1 0
tyr/internal/core/d.go:229.34,230.35 1 0
tyr/internal/core/d.go:230.35,233.20 3 0
tyr/internal/core/d.go:233.20,235.5 1 0
tyr/internal/core/d.go:236.4,236.15 1 0
tyr/internal/core/d.go:240.2,242.54 2 0
tyr/internal/core/d.go:242.54,251.3 2 0
tyr/internal/core/d.go:253.2,253.36 1 0
tyr/internal/core/d.go:253.36,255.3 1 0
tyr/internal/core/d.go:257.2,257.22 1 0
tyr/internal/core/d.go:257.22,258.22 1 0
tyr/internal/core/d.go:258.22,260.4 1 0
tyr/internal/core/d.go:260.9,262.4 1 0
tyr/internal/core/d.go:265.2,265.21 1 0
tyr/internal/core/d.go:276.40,281.2 4 0
tyr/internal/core/d.go:283.68,286.27 2 0
tyr/internal/core/d.go:286.27,288.3 1 0
tyr/internal/core/d.go:290.2,290.16 1 0
tyr/internal/core/d.go:290.16,292.3 1 0
tyr/internal/core/d.go:294.2,294.26 1 0
tyr/internal/core/d.go:294.26,296.3 1 0
tyr/internal/core/d.go:297.2,298.17 2 0
tyr/internal/core/d.go:298.17,300.3 1 0
tyr/internal/core/d.go:302.2,302.40 1 0
tyr/internal/core/d_chunk.go:8.52,9.33 1 0
tyr/internal/core/d_chunk.go:9.33,11.3 1 0
tyr/internal/core/d_chunk.go:13.2,13.27 1 0
tyr/internal/core/d_chunk.go:16.69,24.42 5 0
tyr/internal/core/d_chunk.go:24.42,28.18 3 0
tyr/internal/core/d_chunk.go:28.18,29.9 1 0
tyr/internal/core/d_chunk.go:32.3,36.5 1 0
tyr/internal/core/d_chunk.go:39.2,39.11 1 0
tyr/internal/core/d_conn.go:20.83,25.2 2 0
tyr/internal/core/d_conn.go:27.37,32.35 4 0
tyr/internal/core/d_conn.go:32.35,36.44 3 0
tyr/internal/core/d_conn.go:36.44,38.18 2 0
tyr/internal/core/d_conn.go:38.18,39.13 1 0
tyr/internal/core/d_conn.go:41.4,41.21 1 0
tyr/internal/core/d_conn.go:41.21,42.13 1 0
tyr/internal/core/d_conn.go:46.3,46.37 1 0
tyr/internal/core/d_conn.go:46.37,47.12 1 0
tyr/internal/core/d_conn.go:50.3,50.29 1 0
tyr/internal/core/d_conn.go:50.29,51.9 1 0
tyr/internal/core/d_conn.go:54.3,56.23 2 0
tyr/internal/core/d_conn.go:56.23,58.30 2 0
tyr/internal/core/d_conn.go:58.30,60.5 1 0
tyr/internal/core/d_conn.go:62.4,66.18 4 0
tyr/internal/core/d_conn.go:66.18,67.49 1 0
tyr/internal/core/d_conn.go:67.49,69.6 1 0
tyr/internal/core/d_conn.go:69.11,71.6 1 0
tyr/internal/core/d_conn.go:72.5,74.11 3 0
tyr/internal/core/d_conn.go:77.4,77.23 1 0
tyr/internal/core/d_conn.go:77.23,80.5 2 0
tyr/internal/core/d_conn.go:82.4,83.18 2 0
tyr/internal/core/d_conn.go:83.18,88.5 4 0
tyr/internal/core/d_conn.go:90.4,90.53 1 0
tyr/internal/core/d_down.go:22.39,23.55 1 0
tyr/internal/core/d_down.go:23.55,24.23 1 0
tyr/internal/core/d_down.go:24.23,26.4 1 0
tyr/internal/core/d_down.go:27.3,27.14 1 0
tyr/internal/core/d_down.go:31.55,46.9 7 0
tyr/internal/core/d_down.go:46.9,48.3 1 0
tyr/internal/core/d_down.go:50.2,54.29 4 0
tyr/internal/core/d_down.go:54.29,55.17 1 0
tyr/internal/core/d_down.go:55.17,57.9 2 0
tyr/internal/core/d_down.go:61.2,61.12 1 0
tyr/internal/core/d_down.go:61.12,62.13 1 0
tyr/internal/core/d_down.go:62.13,64.18 2 0
tyr/internal/core/d_down.go:64.18,66.5 1 0
tyr/internal/core/d_down.go:69.3,70.9 2 0
tyr/internal/core/d_down.go:73.2,73.38 1 0
tyr/internal/core/d_down.go:76.93,79.31 2 0
tyr/internal/core/d_down.go:79.31,81.3 1 0
tyr/internal/core/d_down.go:83.2,84.36 2 0
tyr/internal/core/d_down.go:84.36,89.3 4 0
tyr/internal/core/d_down.go:91.2,91.22 1 0
tyr/internal/core/d_down.go:91.22,96.43 4 0
tyr/internal/core/d_down.go:96.43,98.18 2 0
tyr/internal/core/d_down.go:98.18,101.5 2 0
tyr/internal/core/d_down.go:102.4,105.18 3 0
tyr/internal/core/d_down.go:105.18,108.5 2 0
tyr/internal/core/d_down.go:110.4,110.26 1 0
tyr/internal/core/d_down.go:113.3,122.39 7 0
tyr/internal/core/d_down.go:122.39,127.4 4 0
tyr/internal/core/d_down.go:130.2,130.12 1 0
tyr/internal/core/d_down.go:133.42,137.6 3 0
tyr/internal/core/d_down.go:137.6,138.10 1 0
tyr/internal/core/d_down.go:139.23,140.10 1 0
tyr/internal/core/d_down.go:141.19,142.26 1 0
tyr/internal/core/d_down.go:142.26,144.5 1 0
tyr/internal/core/d_down.go:145.4,146.28 2 0
tyr/internal/core/d_down.go:146.28,148.5 1 0
tyr/internal/core/d_down.go:149.4,160.20 2 0
tyr/internal/core/d_down.go:160.20,162.13 2 0
tyr/internal/core/d_down.go:165.4,167.21 2 0
tyr/internal/core/d_down.go:167.21,169.5 1 0
tyr/internal/core/d_down.go:171.4,171.56 1 0
tyr/internal/core/d_down.go:171.56,172.30 1 0
tyr/internal/core/d_down.go:172.30,174.6 1 0
tyr/internal/core/d_down.go:176.5,176.35 1 0
tyr/internal/core/d_down.go:176.35,178.6 1 0
tyr/internal/core/d_down.go:180.5,180.16 1 0
tyr/internal/core/d_down.go:183.4,185.31 2 0
tyr/internal/core/d_down.go:185.31,186.14 1 0
tyr/internal/core/d_down.go:186.14,187.11 1 0
tyr/internal/core/d_down.go:190.5,190.49 1 0
tyr/internal/core/d_down.go:198.34,201.60 2 0
tyr/internal/core/d_down.go:201.60,204.22 1 0
tyr/internal/core/d_down.go:204.22,205.12 1 0
tyr/internal/core/d_down.go:208.3,211.56 3 0
tyr/internal/core/d_down.go:211.56,212.28 1 0
tyr/internal/core/d_down.go:212.28,214.5 1 0
tyr/internal/core/d_down.go:216.4,216.33 1 0
tyr/internal/core/d_down.go:216.33,218.5 1 0
tyr/internal/core/d_down.go:220.4,221.16 2 0
tyr/internal/core/d_down.go:224.3,224.11 1 0
tyr/internal/core/d_down.go:224.11,226.4 1 0
tyr/internal/core/d_down.go:228.3,228.44 1 0
tyr/internal/core/d_down.go:228.44,229.9 1 0
tyr/internal/core/d_init.go:23.38,26.16 3 0
tyr/internal/core/d_init.go:26.16,28.3 1 0
tyr/internal/core/d_init.go:30.2,31.34 2 0
tyr/internal/core/d_init.go:31.34,34.15 3 0
tyr/internal/core/d_init.go:34.15,36.4 1 0
tyr/internal/core/d_init.go:37.3,37.15 1 0
tyr/internal/core/d_init.go:37.15,39.4 1 0
tyr/internal/core/d_init.go:42.2,43.17 2 0
tyr/internal/core/d_init.go:43.17,45.3 1 0
tyr/internal/core/d_init.go:47.2,49.15 3 0
tyr/internal/core/d_init.go:49.15,50.39 1 0
tyr/internal/core/d_init.go:50.39,52.4 1 0
tyr/internal/core/d_init.go:59.2,60.26 2 0
tyr/internal/core/d_init.go:60.26,64.42 4 0
tyr/internal/core/d_init.go:64.42,67.11 3 0
tyr/internal/core/d_init.go:67.11,69.19 2 0
tyr/internal/core/d_init.go:69.19,71.6 1 0
tyr/internal/core/d_init.go:72.5,72.40 1 0
tyr/internal/core/d_init.go:75.4,75.60 1 0
tyr/internal/core/d_init.go:75.60,77.19 2 0
tyr/internal/core/d_init.go:77.19,79.6 1 0
tyr/internal/core/d_init.go:83.4,84.18 2 0
tyr/internal/core/d_init.go:84.18,86.5 1 0
tyr/internal/core/d_init.go:87.4,91.70 2 0
tyr/internal/core/d_init.go:94.3,94.60 1 0
tyr/internal/core/d_init.go:94.60,96.4 1 0
tyr/internal/core/d_init.go:99.2,99.12 1 0
tyr/internal/core/d_init.go:102.74,103.19 1 0
tyr/internal/core/d_init.go:103.19,105.3 1 0
tyr/internal/core/d_init.go:107.2,109.48 2 0
tyr/internal/core/d_init.go:109.48,112.34 3 0
tyr/internal/core/d_init.go:112.34,114.11 2 0
tyr/internal/core/d_init.go:114.11,116.10 2 0
tyr/internal/core/d_init.go:119.4,119.69 1 0
tyr/internal/core/d_init.go:119.69,121.10 2 0
tyr/internal/core/d_init.go:125.3,125.18 1 0
tyr/internal/core/d_init.go:125.18,127.4 1 0
tyr/internal/core/d_init.go:130.2,130.10 1 0
tyr/internal/core/d_init.go:137.56,140.46 2 0
tyr/internal/core/d_init.go:140.46,142.3 1 0
tyr/internal/core/d_init.go:144.2,144.10 1 0
tyr/internal/core/d_init.go:147.61,153.2 2 0
tyr/internal/core/d_init.go:161.68,169.21 6 0
tyr/internal/core/d_init.go:169.21,174.81 4 0
tyr/internal/core/d_init.go:174.81,185.4 3 0
tyr/internal/core/d_init.go:187.3,191.35 3 0
tyr/internal/core/d_init.go:191.35,192.9 1 0
tyr/internal/core/d_init.go:196.2,196.20 1 0
tyr/internal/core/d_init.go:196.20,197.35 1 0
tyr/internal/core/d_init.go:200.2,200.15 1 0
tyr/internal/core/d_init.go:203.92,205.16 2 0
tyr/internal/core/d_init.go:205.16,206.26 1 0
tyr/internal/core/d_init.go:206.26,208.4 1 0
tyr/internal/core/d_init.go:210.3,210.15 1 0
tyr/internal/core/d_init.go:210.15,212.4 1 0
tyr/internal/core/d_init.go:214.3,215.17 2 0
tyr/internal/core/d_init.go:215.17,217.4 1 0
tyr/internal/core/d_init.go:218.3,219.46 2 0
tyr/internal/core/d_init.go:222.2,224.16 3 0
tyr/internal/core/d_init.go:224.16,226.3 1 0
tyr/internal/core/d_init.go:227.2,229.13 3 0
tyr/internal/core/d_init.go:229.13,231.3 1 0
tyr/internal/core/d_init.go:233.2,233.13 1 0
tyr/internal/core/d_init.go:233.13,234.17 1 0
tyr/internal/core/d_init.go:234.17,236.4 1 0
tyr/internal/core/d_init.go:239.2,239.16 1 0
tyr/internal/core/d_loop.go:16.28,18.19 2 0
tyr/internal/core/d_loop.go:18.19,20.3 1 0
tyr/internal/core/d_loop.go:20.8,22.3 1 0
tyr/internal/core/d_loop.go:23.2,24.20 2 0
tyr/internal/core/d_loop.go:27.27,32.2 4 0
tyr/internal/core/d_loop.go:34.28,40.2 5 0
tyr/internal/core/d_loop.go:43.27,51.16 6 0
tyr/internal/core/d_loop.go:51.16,54.3 2 0
tyr/internal/core/d_loop.go:56.2,61.38 4 0
tyr/internal/core/d_loop.go:61.38,63.3 1 0
tyr/internal/core/d_loop.go:63.8,65.3 1 0
tyr/internal/core/d_loop.go:66.2,68.24 2 0
tyr/internal/core/d_loop.go:71.38,77.12 4 0
tyr/internal/core/d_loop.go:77.12,78.7 1 0
tyr/internal/core/d_loop.go:78.7,79.11 1 0
tyr/internal/core/d_loop.go:80.24,81.11 1 0
tyr/internal/core/d_loop.go:82.12,82.12 0 0
tyr/internal/core/d_loop.go:85.4,88.8 2 0
tyr/internal/core/d_loop.go:88.8,89.20 1 0
tyr/internal/core/d_loop.go:90.33,91.16 1 0
tyr/internal/core/d_loop.go:92.43,93.19 1 0
tyr/internal/core/d_loop.go:97.4,101.27 3 0
tyr/internal/core/d_loop.go:105.2,105.6 1 0
tyr/internal/core/d_loop.go:105.6,106.10 1 0
tyr/internal/core/d_loop.go:107.23,108.10 1 0
tyr/internal/core/d_loop.go:109.11,109.11 0 0
tyr/internal/core/d_loop.go:112.3,113.25 2 0
tyr/internal/core/d_loop.go:113.25,116.4 2 0
tyr/internal/core/d_loop.go:117.3,121.30 3 0
tyr/internal/core/d_loop.go:132.35,134.2 1 0
tyr/internal/core/d_loop.go:136.45,138.2 1 0
tyr/internal/core/d_loop.go:140.40,142.2 1 0
tyr/internal/core/d_loop.go:144.45,146.2 1 0
tyr/internal/core/d_loop.go:148.40,154.2 5 0
tyr/internal/core/d_loop.go:156.43,157.6 1 0
tyr/internal/core/d_loop.go:157.6,158.10 1 0
tyr/internal/core/d_loop.go:159.23,160.10 1 0
tyr/internal/core/d_loop.go:161.27,162.20 1 0
tyr/internal/core/d_loop.go:167.56,175.2 5 0
tyr/internal/core/d_loop.go:177.77,180.16 3 0
tyr/internal/core/d_loop.go:180.16,182.3 1 0
tyr/internal/core/d_loop.go:184.2,184.72 1 0
tyr/internal/core/d_loop.go:187.60,192.42 4 0
tyr/internal/core/d_loop.go:192.42,194.17 2 0
tyr/internal/core/d_loop.go:194.17,196.4 1 0
tyr/internal/core/d_loop.go:198.3,199.17 2 0
tyr/internal/core/d_loop.go:199.17,202.4 2 0
tyr/internal/core/d_loop.go:204.3,205.14 2 0
tyr/internal/core/d_loop.go:208.2,208.17 1 0
tyr/internal/core/d_move.go:14.46,22.58 6 0
tyr/internal/core/d_move.go:22.58,24.3 1 0
tyr/internal/core/d_move.go:26.2,31.16 5 0
tyr/internal/core/d_move.go:31.16,34.3 2 0
tyr/internal/core/d_move.go:36.2,41.12 5 0
tyr/internal/core/d_move.go:44.67,47.34 2 0
tyr/internal/core/d_move.go:47.34,49.17 2 0
tyr/internal/core/d_move.go:49.17,51.4 1 0
tyr/internal/core/d_move.go:54.2,54.36 1 0
tyr/internal/core/d_move.go:54.36,56.3 1 0
tyr/internal/core/d_move.go:58.2,60.12 2 0
tyr/internal/core/d_move.go:63.85,70.16 5 0
tyr/internal/core/d_move.go:70.16,72.3 1 0
tyr/internal/core/d_move.go:74.2,77.61 3 0
tyr/internal/core/d_move.go:80.52,83.55 1 0
tyr/internal/core/d_move.go:83.55,86.4 1 0
tyr/internal/core/d_move.go:87.76,91.18 3 0
tyr/internal/core/d_move.go:91.18,93.5 1 0
tyr/internal/core/d_move.go:97.4,100.34 2 0
tyr/internal/core/d_move.go:100.34,102.5 1 0
tyr/internal/core/d_move.go:104.4,104.26 1 0
tyr/internal/core/d_move.go:104.26,106.5 1 0
tyr/internal/core/d_move.go:108.4,108.32 1 0
tyr/internal/core/d_move.go:112.2,112.12 1 0
tyr/internal/core/d_resume.go:23.61,34.2 1 0
tyr/internal/core/d_resume.go:36.55,38.23 1 0
tyr/internal/core/d_tracker.go:32.34,33.31 1 0
tyr/internal/core/d_tracker.go:33.31,36.3 2 0
tyr/internal/core/d_tracker.go:39.48,41.2 1 0
tyr/internal/core/d_tracker.go:43.48,48.34 3 0
tyr/internal/core/d_tracker.go:48.34,50.17 2 0
tyr/internal/core/d_tracker.go:50.17,51.12 1 0
tyr/internal/core/d_tracker.go:53.3,53.24 1 0
tyr/internal/core/d_tracker.go:53.24,55.33 2 0
tyr/internal/core/d_tracker.go:55.33,61.5 1 0
tyr/internal/core/d_tracker.go:62.4,62.25 1 0
tyr/internal/core/d_tracker.go:64.3,64.9 1 0
tyr/internal/core/d_tracker.go:72.85,73.34 1 0
tyr/internal/core/d_tracker.go:73.34,74.28 1 0
tyr/internal/core/d_tracker.go:74.28,77.4 2 0
tyr/internal/core/d_tracker.go:79.3,79.40 1 0
tyr/internal/core/d_tracker.go:79.40,81.4 1 0
tyr/internal/core/d_tracker.go:83.3,84.17 2 0
tyr/internal/core/d_tracker.go:84.17,89.12 5 0
tyr/internal/core/d_tracker.go:92.3,92.25 1 0
tyr/internal/core/d_tracker.go:92.25,97.4 4 0
tyr/internal/core/d_tracker.go:98.3,104.16 5 0
tyr/internal/core/d_tracker.go:107.2,107.30 1 0
tyr/internal/core/d_tracker.go:110.51,111.34 1 0
tyr/internal/core/d_tracker.go:111.34,113.17 2 0
tyr/internal/core/d_tracker.go:113.17,116.4 1 0
tyr/internal/core/d_tracker.go:119.2,119.8 1 0
tyr/internal/core/d_tracker.go:127.59,129.54 2 0
tyr/internal/core/d_tracker.go:129.54,131.3 1 0
tyr/internal/core/d_tracker.go:133.2,134.25 2 0
tyr/internal/core/d_tracker.go:134.25,136.17 2 0
tyr/internal/core/d_tracker.go:136.17,137.12 1 0
tyr/internal/core/d_tracker.go:139.3,139.62 1 0
tyr/internal/core/d_tracker.go:142.2,142.16 1 0
tyr/internal/core/d_tracker.go:171.51,180.2 1 0
tyr/internal/core/d_tracker.go:182.79,187.17 3 0
tyr/internal/core/d_tracker.go:187.17,189.3 1 0
tyr/internal/core/d_tracker.go:191.2,192.16 2 0
tyr/internal/core/d_tracker.go:192.16,194.3 1 0
tyr/internal/core/d_tracker.go:196.2,198.16 3 0
tyr/internal/core/d_tracker.go:198.16,201.3 2 0
tyr/internal/core/d_tracker.go:203.2,208.25 3 0
tyr/internal/core/d_tracker.go:208.25,210.3 1 0
tyr/internal/core/d_tracker.go:212.2,217.20 2 0
tyr/internal/core/d_tracker.go:217.20,219.3 1 0
tyr/internal/core/d_tracker.go:221.2,225.17 3 0
tyr/internal/core/d_tracker.go:225.17,226.76 1 0
tyr/internal/core/d_tracker.go:226.76,229.4 1 0
tyr/internal/core/d_tracker.go:229.9,234.18 4 0
tyr/internal/core/d_tracker.go:234.18,236.5 1 0
tyr/internal/core/d_tracker.go:238.4,238.22 1 0
tyr/internal/core/d_tracker.go:238.22,240.5 1 0
tyr/internal/core/d_tracker.go:242.4,243.37 2 0
tyr/internal/core/d_tracker.go:243.37,247.5 3 0
tyr/internal/core/d_tracker.go:250.3,250.63 1 0
tyr/internal/core/d_tracker.go:250.63,252.4 1 0
tyr/internal/core/d_tracker.go:255.2,255.18 1 0
tyr/internal/core/d_tracker.go:255.18,256.79 1 0
tyr/internal/core/d_tracker.go:256.79,259.4 1 0
tyr/internal/core/d_tracker.go:259.9,265.18 4 0
tyr/internal/core/d_tracker.go:265.18,267.5 1 0
tyr/internal/core/d_tracker.go:269.4,269.23 1 0
tyr/internal/core/d_tracker.go:269.23,271.5 1 0
tyr/internal/core/d_tracker.go:273.4,273.37 1 0
tyr/internal/core/d_tracker.go:273.37,277.5 3 0
tyr/internal/core/d_tracker.go:281.2,283.20 2 0
tyr/internal/core/d_tracker.go:286.51,292.16 3 0
tyr/internal/core/d_tracker.go:292.16,294.3 1 0
tyr/internal/core/d_tracker.go:296.2,296.12 1 0
tyr/internal/core/d_tracker.go:299.58,300.48 1 0
tyr/internal/core/d_tracker.go:300.48,301.93 1 0
tyr/internal/core/d_tracker.go:301.93,303.4 1 0
tyr/internal/core/d_tracker.go:305.3,305.37 1 0
tyr/internal/core/d_tracker.go:310.39,312.26 1 0
tyr/internal/core/d_tracker.go:329.30,331.2 1 0
tyr/internal/core/d_tracker.go:333.40,335.2 1 0
tyr/internal/core/d_tracker.go:337.36,339.2 1 0
tyr/internal/core/d_tracker.go:341.46,343.2 1 0
tyr/internal/core/d_tracker.go:345.48,348.2 2 0
tyr/internal/core/p.go:32.35,34.2 1 0
tyr/internal/core/p.go:38.29,40.2 1 0
tyr/internal/core/p.go:45.34,49.2 3 0
tyr/internal/core/p.go:51.77,53.2 1 0
tyr/internal/core/p.go:55.96,57.2 1 0
tyr/internal/core/p.go:66.9,70.20 4 0
tyr/internal/core/p.go:70.20,73.3 2 0
tyr/internal/core/p.go:75.2,96.14 3 0
tyr/internal/core/p.go:96.14,98.3 1 0
tyr/internal/core/p.go:100.2,101.10 2 0
tyr/internal/core/p.go:135.50,140.16 2 0
tyr/internal/core/p.go:140.16,142.3 1 0
tyr/internal/core/p.go:143.2,143.8 1 0
tyr/internal/core/p.go:146.48,147.50 1 0
tyr/internal/core/p.go:147.50,150.3 2 0
tyr/internal/core/p.go:152.2,153.11 2 0
tyr/internal/core/p.go:153.11,156.3 2 0
tyr/internal/core/p.go:158.2,163.16 3 0
tyr/internal/core/p.go:163.16,165.3 1 0
tyr/internal/core/p.go:166.2,166.8 1 0
tyr/internal/core/p.go:169.35,170.25 1 0
tyr/internal/core/p.go:170.25,172.3 1 0
tyr/internal/core/p.go:174.2,178.16 2 0
tyr/internal/core/p.go:178.16,180.3 1 0
tyr/internal/core/p.go:183.24,185.42 2 0
tyr/internal/core/p.go:185.42,191.3 5 0
tyr/internal/core/p.go:194.42,198.80 3 0
tyr/internal/core/p.go:198.80,201.3 2 0
tyr/internal/core/p.go:203.2,203.20 1 0
tyr/internal/core/p.go:203.20,205.17 2 0
tyr/internal/core/p.go:205.17,206.31 1 0
tyr/internal/core/p.go:206.31,208.5 1 0
tyr/internal/core/p.go:209.4,209.10 1 0
tyr/internal/core/p.go:211.3,211.34 1 0
tyr/internal/core/p.go:211.34,214.4 2 0
tyr/internal/core/p.go:215.3,219.25 5 0
tyr/internal/core/p.go:222.2,222.28 1 0
tyr/internal/core/p.go:222.28,224.3 1 0
tyr/internal/core/p.go:226.2,227.51 2 0
tyr/internal/core/p.go:227.51,229.3 1 0
tyr/internal/core/p.go:229.8,229.75 1 0
tyr/internal/core/p.go:229.75,231.3 1 0
tyr/internal/core/p.go:231.8,233.3 1 0
tyr/internal/core/p.go:235.2,235.16 1 0
tyr/internal/core/p.go:235.16,238.3 2 0
tyr/internal/core/p.go:240.2,242.6 2 0
tyr/internal/core/p.go:242.6,243.25 1 0
tyr/internal/core/p.go:243.25,245.4 1 0
tyr/internal/core/p.go:247.3,248.17 2 0
tyr/internal/core/p.go:248.17,249.31 1 0
tyr/internal/core/p.go:249.31,251.5 1 0
tyr/internal/core/p.go:252.4,252.10 1 0
tyr/internal/core/p.go:255.3,255.20 1 0
tyr/internal/core/p.go:255.20,256.12 1 0
tyr/internal/core/p.go:259.3,261.22 2 0
tyr/internal/core/p.go:262.23,264.48 2 0
tyr/internal/core/p.go:264.48,265.51 1 0
tyr/internal/core/p.go:265.51,267.20 2 0
tyr/internal/core/p.go:267.20,269.7 1 0
tyr/internal/core/p.go:271.10,272.51 1 0
tyr/internal/core/p.go:272.51,274.20 2 0
tyr/internal/core/p.go:274.20,276.7 1 0
tyr/internal/core/p.go:279.19,280.29 1 0
tyr/internal/core/p.go:281.25,282.32 1 0
tyr/internal/core/p.go:283.28,284.33 1 0
tyr/internal/core/p.go:285.20,286.28 1 0
tyr/internal/core/p.go:287.22,288.29 1 0
tyr/internal/core/p.go:289.20,290.32 1 0
tyr/internal/core/p.go:290.32,294.5 2 0
tyr/internal/core/p.go:296.4,297.28 2 0
tyr/internal/core/p.go:298.22,298.22 0 0
tyr/internal/core/p.go:301.23,302.32 1 0
tyr/internal/core/p.go:302.32,304.5 1 0
tyr/internal/core/p.go:305.4,305.42 1 0
tyr/internal/core/p.go:305.42,307.5 1 0
tyr/internal/core/p.go:310.21,310.21 0 0
tyr/internal/core/p.go:311.19,311.19 0 0
tyr/internal/core/p.go:312.22,312.22 0 0
tyr/internal/core/p.go:313.22,314.19 1 0
tyr/internal/core/p.go:315.23,316.20 1 0
tyr/internal/core/p.go:317.21,318.46 1 0
tyr/internal/core/p.go:319.26,320.32 1 0
tyr/internal/core/p.go:324.32,324.32 0 0
tyr/internal/core/p.go:327.3,327.13 1 0
tyr/internal/core/p.go:327.13,329.23 1 0
tyr/internal/core/p.go:330.51,331.49 1 0
tyr/internal/core/p.go:331.49,333.20 2 0
tyr/internal/core/p.go:333.20,335.7 1 0
tyr/internal/core/p.go:342.41,351.17 6 0
tyr/internal/core/p.go:351.17,353.3 1 0
tyr/internal/core/p.go:355.2,355.17 1 0
tyr/internal/core/p.go:356.19,357.33 1 0
tyr/internal/core/p.go:358.21,359.35 1 0
tyr/internal/core/p.go:360.24,361.38 1 0
tyr/internal/core/p.go:362.27,363.41 1 0
tyr/internal/core/p.go:364.18,365.41 1 0
tyr/internal/core/p.go:366.22,367.46 1 0
tyr/internal/core/p.go:368.21,369.42 1 0
tyr/internal/core/p.go:370.19,372.40 2 0
tyr/internal/core/p.go:373.20,374.41 1 0
tyr/internal/core/p.go:375.18,376.40 1 0
tyr/internal/core/p.go:377.21,378.44 1 0
tyr/internal/core/p.go:379.37,380.46 1 0
tyr/internal/core/p.go:381.25,382.55 1 0
tyr/internal/core/p.go:383.20,384.41 1 0
tyr/internal/core/p.go:385.47,386.28 1 0
tyr/internal/core/p.go:389.2,389.12 1 0
tyr/internal/core/p.go:392.57,399.47 2 0
tyr/internal/core/p.go:399.47,401.3 1 0
tyr/internal/core/p.go:403.2,403.13 1 0
tyr/internal/core/p.go:406.56,408.16 2 0
tyr/internal/core/p.go:408.16,410.3 1 0
tyr/internal/core/p.go:412.2,412.53 1 0
tyr/internal/core/p.go:415.36,416.34 1 0
tyr/internal/core/p.go:416.34,417.35 1 0
tyr/internal/core/p.go:417.35,418.20 1 0
tyr/internal/core/p.go:418.20,420.5 1 0
tyr/internal/core/p.go:422.4,422.93 1 0
tyr/internal/core/p.go:426.3,426.36 1 0
tyr/internal/core/p.go:429.2,429.23 1 0
tyr/internal/core/p_protocol.go:21.28,28.6 5 0
tyr/internal/core/p_protocol.go:28.6,29.10 1 0
tyr/internal/core/p_protocol.go:30.23,31.10 1 0
tyr/internal/core/p_protocol.go:32.18,35.16 2 0
tyr/internal/core/p_protocol.go:35.16,36.13 1 0
tyr/internal/core/p_protocol.go:38.4,38.50 1 0
tyr/internal/core/p_protocol.go:38.50,40.19 2 0
tyr/internal/core/p_protocol.go:40.19,42.6 1 0
tyr/internal/core/p_protocol.go:65.46,68.16 3 0
tyr/internal/core/p_protocol.go:68.16,70.3 1 0
tyr/internal/core/p_protocol.go:72.2,76.23 3 0
tyr/internal/core/p_protocol.go:76.23,78.3 1 0
tyr/internal/core/p_protocol.go:81.2,81.15 1 0
tyr/internal/core/p_protocol.go:81.15,84.3 1 0
tyr/internal/core/p_protocol.go:86.2,88.16 3 0
tyr/internal/core/p_protocol.go:88.16,90.3 1 0
tyr/internal/core/p_protocol.go:92.2,97.21 5 0
tyr/internal/core/p_protocol.go:100.33,101.20 1 0
tyr/internal/core/p_protocol.go:102.22,103.32 1 0
tyr/internal/core/p_protocol.go:104.21,105.27 1 0
tyr/internal/core/p_protocol.go:106.20,107.26 1 0
tyr/internal/core/p_protocol.go:108.19,109.33 1 0
tyr/internal/core/p_protocol.go:110.18,112.20 2 0
tyr/internal/core/p_protocol.go:113.52,115.20 2 0
tyr/internal/core/p_protocol.go:116.20,117.26 1 0
tyr/internal/core/p_protocol.go:118.22,119.66 1 0
tyr/internal/core/p_protocol.go:119.66,121.4 1 0
tyr/internal/core/p_protocol.go:123.3,123.28 1 0
tyr/internal/core/p_protocol.go:123.28,126.4 2 0
tyr/internal/core/p_protocol.go:128.3,131.20 3 0
tyr/internal/core/p_protocol.go:132.31,132.31 0 0
tyr/internal/core/p_protocol.go:136.2,137.19 2 0
tyr/internal/core/p_protocol.go:140.56,143.25 2 0
tyr/internal/core/p_protocol.go:143.25,146.3 1 0
tyr/internal/core/p_protocol.go:148.2,150.16 3 0
tyr/internal/core/p_protocol.go:150.16,152.3 1 0
tyr/internal/core/p_protocol.go:153.2,158.40 4 0
tyr/internal/core/p_protocol.go:158.40,160.3 1 0
tyr/internal/core/p_protocol.go:162.2,164.93 2 0
tyr/internal/core/p_protocol.go:167.46,169.16 2 0
tyr/internal/core/p_protocol.go:169.16,171.3 1 0
tyr/internal/core/p_protocol.go:173.2,173.54 1 0
tyr/internal/core/p_protocol.go:176.47,178.16 2 0
tyr/internal/core/p_protocol.go:178.16,180.3 1 0
tyr/internal/core/p_protocol.go:182.2,182.55 1 0
tyr/internal/core/p_protocol.go:185.46,187.16 2 0
tyr/internal/core/p_protocol.go:187.16,189.3 1 0
tyr/internal/core/p_protocol.go:191.2,191.54 1 0
tyr/internal/core/state_string.go:23.32,24.37 1 0
tyr/internal/core/state_string.go:24.37,26.3 1 0
tyr/internal/core/state_string.go:27.2,27.55 1 0
tyr/internal/pkg/global/tasks/tasks.go:5.26,7.2 1 0
tyr/internal/pkg/bufpool/bufpool.go:7.39,9.2 1 0
tyr/internal/pkg/bufpool/bufpool.go:11.40,13.2 1 0
tyr/internal/pkg/global/version.go:14.13,16.2 1 0
tyr/internal/pkg/filepool/pool.go:11.39,13.2 1 0
tyr/internal/pkg/filepool/pool.go:20.95,23.8 3 0
tyr/internal/pkg/filepool/pool.go:23.8,25.3 1 0
tyr/internal/pkg/filepool/pool.go:27.2,28.16 2 0
tyr/internal/pkg/filepool/pool.go:28.16,30.3 1 0
tyr/internal/pkg/filepool/pool.go:32.2,38.8 1 0
tyr/internal/pkg/filepool/pool.go:50.30,52.2 1 0
tyr/internal/pkg/filepool/pool.go:54.26,56.2 1 0
tyr/internal/pkg/flowrate/flowrate.go:50.57,51.58 1 0
tyr/internal/pkg/flowrate/flowrate.go:51.58,53.3 1 0
tyr/internal/pkg/flowrate/flowrate.go:54.2,54.21 1 0
tyr/internal/pkg/flowrate/flowrate.go:54.21,56.3 1 0
tyr/internal/pkg/flowrate/flowrate.go:57.2,65.3 2 0
tyr/internal/pkg/flowrate/flowrate.go:70.37,75.2 4 0
tyr/internal/pkg/flowrate/flowrate.go:79.53,81.2 1 0
tyr/internal/pkg/flowrate/flowrate.go:88.58,90.2 1 0
tyr/internal/pkg/flowrate/flowrate.go:92.53,97.2 1 0
tyr/internal/pkg/flowrate/flowrate.go:100.57,102.2 1 0
tyr/internal/pkg/flowrate/flowrate.go:107.32,109.38 2 0
tyr/internal/pkg/flowrate/flowrate.go:109.38,111.3 1 0
tyr/internal/pkg/flowrate/flowrate.go:112.2,116.10 5 0
tyr/internal/pkg/flowrate/flowrate.go:139.37,141.2 1 0
tyr/internal/pkg/flowrate/flowrate.go:145.35,157.20 4 0
tyr/internal/pkg/flowrate/flowrate.go:157.20,159.3 1 0
tyr/internal/pkg/flowrate/flowrate.go:160.2,160.20 1 0
tyr/internal/pkg/flowrate/flowrate.go:160.20,163.15 3 0
tyr/internal/pkg/flowrate/flowrate.go:163.15,166.22 3 0
tyr/internal/pkg/flowrate/flowrate.go:166.22,167.50 1 0
tyr/internal/pkg/flowrate/flowrate.go:167.50,169.36 2 0
tyr/internal/pkg/flowrate/flowrate.go:169.36,171.7 1 0
tyr/internal/pkg/flowrate/flowrate.go:172.6,172.47 1 0
tyr/internal/pkg/flowrate/flowrate.go:177.2,178.10 2 0
tyr/internal/pkg/flowrate/flowrate.go:192.67,193.26 1 0
tyr/internal/pkg/flowrate/flowrate.go:193.26,195.3 1 0
tyr/internal/pkg/flowrate/flowrate.go:196.2,200.16 3 0
tyr/internal/pkg/flowrate/flowrate.go:200.16,202.3 1 0
tyr/internal/pkg/flowrate/flowrate.go:205.2,205.31 1 0
tyr/internal/pkg/flowrate/flowrate.go:205.31,206.37 1 0
tyr/internal/pkg/flowrate/flowrate.go:206.37,208.4 1 0
tyr/internal/pkg/flowrate/flowrate.go:212.2,212.57 1 0
tyr/internal/pkg/flowrate/flowrate.go:212.57,214.3 1 0
tyr/internal/pkg/flowrate/flowrate.go:215.2,217.15 2 0
tyr/internal/pkg/flowrate/flowrate.go:217.15,219.3 1 0
tyr/internal/pkg/flowrate/flowrate.go:220.2,220.19 1 0
tyr/internal/pkg/flowrate/flowrate.go:226.53,227.15 1 0
tyr/internal/pkg/flowrate/flowrate.go:227.15,229.3 1 0
tyr/internal/pkg/flowrate/flowrate.go:230.2,230.26 1 0
tyr/internal/pkg/flowrate/flowrate.go:230.26,232.3 1 0
tyr/internal/pkg/flowrate/flowrate.go:233.2,234.46 2 0
tyr/internal/pkg/flowrate/flowrate.go:234.46,236.61 2 0
tyr/internal/pkg/flowrate/flowrate.go:236.61,238.4 1 0
tyr/internal/pkg/flowrate/flowrate.go:242.3,242.20 1 0
tyr/internal/pkg/flowrate/flowrate.go:242.20,245.4 2 0
tyr/internal/pkg/flowrate/flowrate.go:245.9,247.4 1 0
tyr/internal/pkg/flowrate/flowrate.go:248.3,248.15 1 0
tyr/internal/pkg/flowrate/flowrate.go:250.2,250.8 1 0
tyr/internal/pkg/flowrate/flowrate.go:253.27,260.2 6 0
tyr/internal/pkg/flowrate/flowrate.go:263.51,268.2 4 0
tyr/internal/pkg/flowrate/flowrate.go:273.67,278.37 3 0
tyr/internal/pkg/flowrate/flowrate.go:278.37,281.18 3 0
tyr/internal/pkg/flowrate/flowrate.go:281.18,283.4 1 0
tyr/internal/pkg/flowrate/flowrate.go:284.3,286.20 3 0
tyr/internal/pkg/flowrate/flowrate.go:288.2,288.12 1 0
tyr/internal/pkg/flowrate/io.go:37.50,39.2 1 0
tyr/internal/pkg/flowrate/io.go:44.52,46.16 2 0
tyr/internal/pkg/flowrate/io.go:46.16,48.3 1 0
tyr/internal/pkg/flowrate/io.go:49.2,49.8 1 0
tyr/internal/pkg/flowrate/io.go:54.50,57.2 2 0
tyr/internal/pkg/flowrate/io.go:62.51,65.2 2 0
tyr/internal/pkg/flowrate/io.go:68.32,70.39 2 0
tyr/internal/pkg/flowrate/io.go:70.39,72.3 1 0
tyr/internal/pkg/flowrate/io.go:73.2,73.12 1 0
tyr/internal/pkg/flowrate/io.go:89.50,91.2 1 0
tyr/internal/pkg/flowrate/io.go:96.53,98.31 2 0
tyr/internal/pkg/flowrate/io.go:98.31,100.17 2 0
tyr/internal/pkg/flowrate/io.go:100.17,102.4 1 0
tyr/internal/pkg/flowrate/io.go:102.9,104.4 1 0
tyr/internal/pkg/flowrate/io.go:105.3,106.9 2 0
tyr/internal/pkg/flowrate/io.go:108.2,108.8 1 0
tyr/internal/pkg/flowrate/io.go:113.50,116.2 2 0
tyr/internal/pkg/flowrate/io.go:121.51,124.2 2 0
tyr/internal/pkg/flowrate/io.go:127.32,129.39 2 0
tyr/internal/pkg/flowrate/io.go:129.39,131.3 1 0
tyr/internal/pkg/flowrate/io.go:132.2,132.12 1 0
tyr/internal/pkg/flowrate/util.go:21.28,23.2 1 0
tyr/internal/pkg/flowrate/util.go:26.45,28.2 1 0
tyr/internal/pkg/flowrate/util.go:31.48,33.2 1 0
tyr/internal/pkg/flowrate/util.go:36.29,37.42 1 0
tyr/internal/pkg/flowrate/util.go:37.42,39.3 1 0
tyr/internal/pkg/flowrate/util.go:40.2,40.29 1 0
tyr/internal/pkg/flowrate/util.go:47.42,48.25 1 0
tyr/internal/pkg/flowrate/util.go:48.25,50.3 1 0
tyr/internal/pkg/flowrate/util.go:50.8,50.61 1 0
tyr/internal/pkg/flowrate/util.go:50.61,52.3 1 0
tyr/internal/pkg/flowrate/util.go:53.2,53.32 1 0
tyr/internal/pkg/flowrate/util.go:56.34,58.2 1 0
tyr/internal/pkg/flowrate/util.go:60.34,67.2 6 0
tyr/internal/pkg/gslice/gslice.go:3.46,4.26 1 0
tyr/internal/pkg/gslice/gslice.go:4.26,5.20 1 0
tyr/internal/pkg/gslice/gslice.go:5.20,7.4 1 0
tyr/internal/pkg/gslice/gslice.go:9.2,9.10 1 0
tyr/internal/pkg/crc32c/crc32c.go:9.27,11.2 1 0
tyr/internal/pkg/gctx/reader.go:15.60,17.2 1 0
tyr/internal/pkg/gctx/reader.go:19.53,20.9 1 0
tyr/internal/pkg/gctx/reader.go:21.22,22.24 1 0
tyr/internal/pkg/gctx/reader.go:23.10,24.21 1 0
tyr/internal/pkg/pool/pool.go:26.27,28.2 1 0
tyr/internal/pkg/pool/pool.go:30.28,32.2 1 0
tyr/internal/pkg/pool/pool.go:34.44,35.15 1 0
tyr/internal/pkg/pool/pool.go:35.15,36.32 1 0
tyr/internal/pkg/pool/pool.go:39.2,41.20 1 0
tyr/internal/pkg/pool/pool.go:41.20,43.5 1 0
tyr/internal/pkg/pool/pool.go:48.83,49.15 1 0
tyr/internal/pkg/pool/pool.go:49.15,50.32 1 0
tyr/internal/pkg/pool/pool.go:52.2,52.18 1 0
tyr/internal/pkg/pool/pool.go:52.18,53.34 1 0
tyr/internal/pkg/pool/pool.go:55.2,58.20 1 0
tyr/internal/pkg/pool/pool.go:58.20,60.5 1 0
tyr/internal/pkg/pool/pool.go:71.32,73.2 1 0
tyr/internal/pkg/pool/pool.go:75.33,76.16 1 0
tyr/internal/pkg/pool/pool.go:76.16,79.3 1 0
tyr/internal/pkg/unsafe/unsafe.go:7.29,10.2 2 0
tyr/internal/pkg/unsafe/unsafe.go:12.27,15.2 2 0
tyr/internal/web/error.go:3.43,5.2 1 0
tyr/internal/web/error.go:12.36,14.2 1 0
tyr/internal/web/torrent.go:32.53,34.84 1 0
tyr/internal/web/torrent.go:34.84,36.18 2 0
tyr/internal/web/torrent.go:36.18,38.5 1 0
tyr/internal/web/torrent.go:40.4,41.18 2 0
tyr/internal/web/torrent.go:41.18,43.5 1 0
tyr/internal/web/torrent.go:45.4,45.40 1 0
tyr/internal/web/torrent.go:45.40,49.5 1 0
tyr/internal/web/torrent.go:51.4,53.25 2 0
tyr/internal/web/torrent.go:53.25,55.5 1 0
tyr/internal/web/torrent.go:55.10,56.23 1 0
tyr/internal/web/torrent.go:56.23,58.6 1 0
tyr/internal/web/torrent.go:61.4,61.23 1 0
tyr/internal/web/torrent.go:61.23,63.5 1 0
tyr/internal/web/torrent.go:64.4,65.18 2 0
tyr/internal/web/torrent.go:65.18,67.5 1 0
tyr/internal/web/torrent.go:69.4,71.14 2 0
tyr/internal/web/torrent.go:74.2,75.10 2 0
tyr/internal/web/torrent.go:87.53,89.84 1 0
tyr/internal/web/torrent.go:89.84,91.34 2 0
tyr/internal/web/torrent.go:91.34,93.5 1 0
tyr/internal/web/torrent.go:95.4,97.18 2 0
tyr/internal/web/torrent.go:97.18,99.5 1 0
tyr/internal/web/torrent.go:101.4,103.24 2 0
tyr/internal/web/torrent.go:103.24,105.5 1 0
tyr/internal/web/torrent.go:105.10,107.5 1 0
tyr/internal/web/torrent.go:109.4,109.14 1 0
tyr/internal/web/torrent.go:113.2,114.10 2 0
tyr/internal/web/torrent.go:127.54,129.86 1 0
tyr/internal/web/torrent.go:129.86,131.35 2 0
tyr/internal/web/torrent.go:131.35,133.5 1 0
tyr/internal/web/torrent.go:135.4,136.18 2 0
tyr/internal/web/torrent.go:136.18,138.5 1 0
tyr/internal/web/torrent.go:140.4,140.14 1 0
tyr/internal/web/torrent.go:144.2,145.10 2 0
tyr/internal/web/web.go:30.71,41.61 5 0
tyr/internal/web/web.go:41.61,43.18 2 0
tyr/internal/web/web.go:43.18,45.4 1 0
tyr/internal/web/web.go:46.3,46.14 1 0
tyr/internal/web/web.go:49.2,57.65 4 0
tyr/internal/web/web.go:57.65,59.3 1 0
tyr/internal/web/web.go:61.2,61.17 1 0
tyr/internal/web/web.go:61.17,63.9 2 0
tyr/internal/web/web.go:63.9,64.73 1 0
tyr/internal/web/web.go:64.73,68.5 3 0
tyr/internal/web/web.go:69.9,70.73 1 0
tyr/internal/web/web.go:70.73,72.5 1 0
tyr/internal/web/web.go:74.3,74.43 1 0
tyr/internal/web/web.go:77.2,81.50 4 0
tyr/internal/web/web.go:81.50,82.72 1 0
tyr/internal/web/web.go:82.72,83.50 1 0
tyr/internal/web/web.go:83.50,93.5 2 0
tyr/internal/web/web.go:95.4,97.10 2 0
tyr/internal/web/web.go:101.2,114.10 5 0
tyr/internal/version/version.go:49.21,61.62 4 0
tyr/internal/version/version.go:61.62,62.13 1 0
tyr/internal/version/version.go:64.2,64.40 1 0
tyr/internal/version/version.go:67.27,68.20 1 0
tyr/internal/version/version.go:68.20,70.3 1 0
tyr/internal/version/version.go:71.2,71.25 1 0
tyr/internal/version/version.go:74.23,76.2 1 0
tyr/internal/version/version.go:78.13,80.2 1 0
tyr/internal/version/version.go:82.41,90.9 3 0
tyr/internal/version/version.go:90.9,92.3 1 0
tyr/internal/version/version.go:93.2,93.39 1 0
tyr/internal/version/version.go:93.39,94.30 1 0
tyr/internal/version/version.go:94.30,96.4 1 0
tyr/internal/version/version.go:97.3,97.30 1 0
tyr/internal/version/version.go:97.30,98.25 1 0
tyr/internal/version/version.go:98.25,100.5 1 0
tyr/internal/version/version.go:102.3,102.23 1 0
tyr/internal/version/version.go:102.23,104.4 1 0
tyr/internal/version/version.go:106.2,106.14 1 0
tyr/internal/version/version.go:106.14,109.3 2 0
tyr/internal/version/version.go:110.2,110.18 1 0
tyr/internal/util/ip.go:11.73,13.16 2 0
tyr/internal/util/ip.go:13.16,15.3 1 0
tyr/internal/util/ip.go:17.2,20.26 2 0
tyr/internal/util/ip.go:20.26,21.51 1 0
tyr/internal/util/ip.go:21.51,22.12 1 0
tyr/internal/util/ip.go:25.3,25.26 1 0
tyr/internal/util/ip.go:25.26,26.39 1 0
tyr/internal/util/ip.go:26.39,27.13 1 0
tyr/internal/util/ip.go:31.3,32.17 2 0
tyr/internal/util/ip.go:32.17,34.4 1 0
tyr/internal/util/ip.go:36.3,36.30 1 0
tyr/internal/util/ip.go:36.30,38.28 2 0
tyr/internal/util/ip.go:39.20,40.14 1 0
tyr/internal/util/ip.go:41.21,42.14 1 0
tyr/internal/util/ip.go:43.12,44.13 1 0
tyr/internal/util/ip.go:47.4,47.23 1 0
tyr/internal/util/ip.go:47.23,48.13 1 0
tyr/internal/util/ip.go:51.4,51.47 1 0
tyr/internal/util/ip.go:55.2,55.20 1 0
tyr/internal/util/ip.go:60.13,70.4 1 0
tyr/internal/util/ip.go:70.4,72.17 2 0
tyr/internal/util/ip.go:72.17,73.57 1 0
tyr/internal/util/ip.go:75.3,75.51 1 0
tyr/internal/util/ip.go:79.34,80.77 1 0
tyr/internal/util/ip.go:80.77,82.3 1 0
tyr/internal/util/ip.go:84.2,84.40 1 0
tyr/internal/util/ip.go:84.40,85.25 1 0
tyr/internal/util/ip.go:85.25,87.4 1 0
tyr/internal/util/ip.go:89.2,89.14 1 0
tyr/internal/web/res/res.go:10.55,14.2 3 0
tyr/internal/web/res/res.go:16.58,20.2 3 0
